# JRE version: Java(TM) SE Runtime Environment (8.0_60-b27) (build 1.8.0_60-b27)
# Java VM: Java HotSpot(TM) 64-Bit Server VM (25.60-b23 mixed mode linux-amd64 compressed oops)
Heap:
 PSYoungGen      total 201728K, used 19946K [0x00000000d6700000, 0x00000000e4180000, 0x0000000100000000)
  eden space 181760K, 0% used [0x00000000d6700000,0x00000000d6700000,0x00000000e1880000)
  from space 19968K, 99% used [0x00000000e1a80000,0x00000000e2dfabf8,0x00000000e2e00000)
  to   space 17408K, 0% used [0x00000000e3080000,0x00000000e3080000,0x00000000e4180000)
 ParOldGen       total 111104K, used 35764K [0x0000000083400000, 0x000000008a080000, 0x00000000d6700000)
  object space 111104K, 32% used [0x0000000083400000,0x00000000856ed2a0,0x000000008a080000)
 Metaspace       used 39069K, capacity 39870K, committed 40192K, reserved 1085440K
  class space    used 4641K, capacity 4862K, committed 4864K, reserved 1048576K
GC Heap History (10 events):
Event: 4.109 GC heap after
Heap after GC invocations=6 (full 0):
 PSYoungGen      total 133120K, used 10227K [0x00000000d6700000, 0x00000000e0b00000, 0x0000000100000000)
  eden space 122880K, 0% used [0x00000000d6700000,0x00000000d6700000,0x00000000ddf00000)
  from space 10240K, 99% used [0x00000000df100000,0x00000000dfafcff0,0x00000000dfb00000)
  to   space 18432K, 0% used [0x00000000ddf00000,0x00000000ddf00000,0x00000000df100000)
 ParOldGen       total 86016K, used 23519K [0x0000000083400000, 0x0000000088800000, 0x00000000d6700000)
  object space 86016K, 27% used [0x0000000083400000,0x0000000084af7fc8,0x0000000088800000)
 Metaspace       used 20636K, capacity 21120K, committed 21296K, reserved 1069056K
  class space    used 2448K, capacity 2586K, committed 2688K, reserved 1048576K
}
Event: 4.109 GC heap before
{Heap before GC invocations=7 (full 1):
 PSYoungGen      total 133120K, used 10227K [0x00000000d6700000, 0x00000000e0b00000, 0x0000000100000000)
  eden space 122880K, 0% used [0x00000000d6700000,0x00000000d6700000,0x00000000ddf00000)
  from space 10240K, 99% used [0x00000000df100000,0x00000000dfafcff0,0x00000000dfb00000)
  to   space 18432K, 0% used [0x00000000ddf00000,0x00000000ddf00000,0x00000000df100000)
 ParOldGen       total 86016K, used 23519K [0x0000000083400000, 0x0000000088800000, 0x00000000d6700000)
  object space 86016K, 27% used [0x0000000083400000,0x0000000084af7fc8,0x0000000088800000)
 Metaspace       used 20636K, capacity 21120K, committed 21296K, reserved 1069056K
  class space    used 2448K, capacity 2586K, committed 2688K, reserved 1048576K
Event: 4.275 GC heap after
Heap after GC invocations=7 (full 1):
 PSYoungGen      total 133120K, used 0K [0x00000000d6700000, 0x00000000e0b00000, 0x0000000100000000)
  eden space 122880K, 0% used [0x00000000d6700000,0x00000000d6700000,0x00000000ddf00000)
  from space 10240K, 0% used [0x00000000df100000,0x00000000df100000,0x00000000dfb00000)
  to   space 18432K, 0% used [0x00000000ddf00000,0x00000000ddf00000,0x00000000df100000)
 ParOldGen       total 86528K, used 30325K [0x0000000083400000, 0x0000000088880000, 0x00000000d6700000)
  object space 86528K, 35% used [0x0000000083400000,0x000000008519d748,0x0000000088880000)
 Metaspace       used 20636K, capacity 21120K, committed 21296K, reserved 1069056K
  class space    used 2448K, capacity 2586K, committed 2688K, reserved 1048576K
}
Event: 8.768 GC heap before
{Heap before GC invocations=8 (full 1):
 PSYoungGen      total 133120K, used 122880K [0x00000000d6700000, 0x00000000e0b00000, 0x0000000100000000)
  eden space 122880K, 100% used [0x00000000d6700000,0x00000000ddf00000,0x00000000ddf00000)
  from space 10240K, 0% used [0x00000000df100000,0x00000000df100000,0x00000000dfb00000)
  to   space 18432K, 0% used [0x00000000ddf00000,0x00000000ddf00000,0x00000000df100000)
 ParOldGen       total 86528K, used 30325K [0x0000000083400000, 0x0000000088880000, 0x00000000d6700000)
  object space 86528K, 35% used [0x0000000083400000,0x000000008519d748,0x0000000088880000)
 Metaspace       used 25803K, capacity 26410K, committed 26496K, reserved 1073152K
  class space    used 3018K, capacity 3188K, committed 3200K, reserved 1048576K
Event: 8.795 GC heap after
Heap after GC invocations=8 (full 1):
 PSYoungGen      total 141312K, used 9563K [0x00000000d6700000, 0x00000000e4180000, 0x0000000100000000)
  eden space 122880K, 0% used [0x00000000d6700000,0x00000000d6700000,0x00000000ddf00000)
  from space 18432K, 51% used [0x00000000ddf00000,0x00000000de856e90,0x00000000df100000)
  to   space 17408K, 0% used [0x00000000e3080000,0x00000000e3080000,0x00000000e4180000)
 ParOldGen       total 86528K, used 30333K [0x0000000083400000, 0x0000000088880000, 0x00000000d6700000)
  object space 86528K, 35% used [0x0000000083400000,0x000000008519f748,0x0000000088880000)
 Metaspace       used 25803K, capacity 26410K, committed 26496K, reserved 1073152K
  class space    used 3018K, capacity 3188K, committed 3200K, reserved 1048576K
}
Event: 13.400 GC heap before
{Heap before GC invocations=9 (full 1):
 PSYoungGen      total 141312K, used 131466K [0x00000000d6700000, 0x00000000e4180000, 0x0000000100000000)
  eden space 122880K, 99% used [0x00000000d6700000,0x00000000dde0b9c0,0x00000000ddf00000)
  from space 18432K, 51% used [0x00000000ddf00000,0x00000000de856e90,0x00000000df100000)
  to   space 17408K, 0% used [0x00000000e3080000,0x00000000e3080000,0x00000000e4180000)
 ParOldGen       total 86528K, used 30333K [0x0000000083400000, 0x0000000088880000, 0x00000000d6700000)
  object space 86528K, 35% used [0x0000000083400000,0x000000008519f748,0x0000000088880000)
 Metaspace       used 34547K, capacity 35316K, committed 35496K, reserved 1081344K
  class space    used 4115K, capacity 4336K, committed 4352K, reserved 1048576K
Event: 13.439 GC heap after
Heap after GC invocations=9 (full 1):
 PSYoungGen      total 199168K, used 17386K [0x00000000d6700000, 0x00000000e4180000, 0x0000000100000000)
  eden space 181760K, 0% used [0x00000000d6700000,0x00000000d6700000,0x00000000e1880000)
  from space 17408K, 99% used [0x00000000e3080000,0x00000000e417a930,0x00000000e4180000)
  to   space 19968K, 0% used [0x00000000e1a80000,0x00000000e1a80000,0x00000000e2e00000)
 ParOldGen       total 86528K, used 31040K [0x0000000083400000, 0x0000000088880000, 0x00000000d6700000)
  object space 86528K, 35% used [0x0000000083400000,0x0000000085250320,0x0000000088880000)
 Metaspace       used 34547K, capacity 35316K, committed 35496K, reserved 1081344K
  class space    used 4115K, capacity 4336K, committed 4352K, reserved 1048576K
}
Event: 13.439 GC heap before
{Heap before GC invocations=10 (full 2):
 PSYoungGen      total 199168K, used 17386K [0x00000000d6700000, 0x00000000e4180000, 0x0000000100000000)
  eden space 181760K, 0% used [0x00000000d6700000,0x00000000d6700000,0x00000000e1880000)
  from space 17408K, 99% used [0x00000000e3080000,0x00000000e417a930,0x00000000e4180000)
  to   space 19968K, 0% used [0x00000000e1a80000,0x00000000e1a80000,0x00000000e2e00000)
 ParOldGen       total 86528K, used 31040K [0x0000000083400000, 0x0000000088880000, 0x00000000d6700000)
  object space 86528K, 35% used [0x0000000083400000,0x0000000085250320,0x0000000088880000)
 Metaspace       used 34547K, capacity 35316K, committed 35496K, reserved 1081344K
  class space    used 4115K, capacity 4336K, committed 4352K, reserved 1048576K
Event: 13.577 GC heap after
Heap after GC invocations=10 (full 2):
 PSYoungGen      total 199168K, used 0K [0x00000000d6700000, 0x00000000e4180000, 0x0000000100000000)
  eden space 181760K, 0% used [0x00000000d6700000,0x00000000d6700000,0x00000000e1880000)
  from space 17408K, 0% used [0x00000000e3080000,0x00000000e3080000,0x00000000e4180000)
  to   space 19968K, 0% used [0x00000000e1a80000,0x00000000e1a80000,0x00000000e2e00000)
 ParOldGen       total 111104K, used 34813K [0x0000000083400000, 0x000000008a080000, 0x00000000d6700000)
  object space 111104K, 31% used [0x0000000083400000,0x00000000855ff408,0x000000008a080000)
 Metaspace       used 34547K, capacity 35316K, committed 35496K, reserved 1081344K
  class space    used 4115K, capacity 4336K, committed 4352K, reserved 1048576K
}
Event: 90.687 GC heap before
{Heap before GC invocations=11 (full 2):
 PSYoungGen      total 199168K, used 87383K [0x00000000d6700000, 0x00000000e4180000, 0x0000000100000000)
  eden space 181760K, 48% used [0x00000000d6700000,0x00000000dbc55c98,0x00000000e1880000)
  from space 17408K, 0% used [0x00000000e3080000,0x00000000e3080000,0x00000000e4180000)
  to   space 19968K, 0% used [0x00000000e1a80000,0x00000000e1a80000,0x00000000e2e00000)
 ParOldGen       total 111104K, used 34813K [0x0000000083400000, 0x000000008a080000, 0x00000000d6700000)
  object space 111104K, 31% used [0x0000000083400000,0x00000000855ff408,0x000000008a080000)
 Metaspace       used 39069K, capacity 39870K, committed 40192K, reserved 1085440K
  class space    used 4641K, capacity 4862K, committed 4864K, reserved 1048576K

